[debug] [2025-01-28T09:50:12.820Z] ----------------------------------------------------------------------
[debug] [2025-01-28T09:50:12.825Z] Command:       /opt/homebrew/Cellar/node/23.3.0/bin/node /opt/homebrew/bin/firebase deploy
[debug] [2025-01-28T09:50:12.825Z] CLI Version:   13.29.2
[debug] [2025-01-28T09:50:12.826Z] Platform:      darwin
[debug] [2025-01-28T09:50:12.826Z] Node Version:  v23.3.0
[debug] [2025-01-28T09:50:12.826Z] Time:          Tue Jan 28 2025 10:50:12 GMT+0100 (Central European Standard Time)
[debug] [2025-01-28T09:50:12.826Z] ----------------------------------------------------------------------
[debug] 
[debug] [2025-01-28T09:50:12.896Z] > command requires scopes: ["email","openid","https://www.googleapis.com/auth/cloudplatformprojects.readonly","https://www.googleapis.com/auth/firebase","https://www.googleapis.com/auth/cloud-platform"]
[debug] [2025-01-28T09:50:12.896Z] > authorizing via signed-in user (danni.r.olsen@gmail.com)
[debug] [2025-01-28T09:50:12.896Z] [iam] checking project hala-fec0c for permissions ["firebase.projects.get","firebasehosting.sites.update"]
[debug] [2025-01-28T09:50:12.897Z] Checked if tokens are valid: true, expires at: 1738060179417
[debug] [2025-01-28T09:50:12.897Z] Checked if tokens are valid: true, expires at: 1738060179417
[debug] [2025-01-28T09:50:12.897Z] >>> [apiv2][query] POST https://cloudresourcemanager.googleapis.com/v1/projects/hala-fec0c:testIamPermissions [none]
[debug] [2025-01-28T09:50:12.897Z] >>> [apiv2][(partial)header] POST https://cloudresourcemanager.googleapis.com/v1/projects/hala-fec0c:testIamPermissions x-goog-quota-user=projects/hala-fec0c
[debug] [2025-01-28T09:50:12.897Z] >>> [apiv2][body] POST https://cloudresourcemanager.googleapis.com/v1/projects/hala-fec0c:testIamPermissions {"permissions":["firebase.projects.get","firebasehosting.sites.update"]}
[debug] [2025-01-28T09:50:13.725Z] <<< [apiv2][status] POST https://cloudresourcemanager.googleapis.com/v1/projects/hala-fec0c:testIamPermissions 200
[debug] [2025-01-28T09:50:13.725Z] <<< [apiv2][body] POST https://cloudresourcemanager.googleapis.com/v1/projects/hala-fec0c:testIamPermissions {"permissions":["firebase.projects.get","firebasehosting.sites.update"]}
[debug] [2025-01-28T09:50:13.725Z] Checked if tokens are valid: true, expires at: 1738060179417
[debug] [2025-01-28T09:50:13.725Z] Checked if tokens are valid: true, expires at: 1738060179417
[debug] [2025-01-28T09:50:13.725Z] >>> [apiv2][query] GET https://firebase.googleapis.com/v1beta1/projects/hala-fec0c [none]
[debug] [2025-01-28T09:50:14.128Z] <<< [apiv2][status] GET https://firebase.googleapis.com/v1beta1/projects/hala-fec0c 200
[debug] [2025-01-28T09:50:14.128Z] <<< [apiv2][body] GET https://firebase.googleapis.com/v1beta1/projects/hala-fec0c {"projectId":"hala-fec0c","projectNumber":"944647502729","displayName":"hala","name":"projects/hala-fec0c","resources":{"hostingSite":"hala-fec0c"},"state":"ACTIVE","etag":"1_868ab69f-b2f6-4178-b20a-603bb1a581a8"}
[info] 
   Thank you for trying our early preview of Next.js support on Firebase Hosting.
   During the preview, support is best-effort and breaking changes can be expected. Proceed with caution.
   The integration is known to work with Next.js version 12 - 15.0. You may encounter errors.

   Documentation: https://firebase.google.com/docs/hosting/frameworks/nextjs
   File a bug: https://github.com/firebase/firebase-tools/issues/new?template=bug_report.md
   Submit a feature request: https://github.com/firebase/firebase-tools/issues/new?template=feature_request.md

   We'd love to learn from you. Express your interest in helping us shape the future of Firebase Hosting: https://goo.gle/41enW5X

[debug] [2025-01-28T09:50:16.365Z] Checked if tokens are valid: true, expires at: 1738060179417
[debug] [2025-01-28T09:50:16.365Z] Checked if tokens are valid: true, expires at: 1738060179417
[debug] [2025-01-28T09:50:16.365Z] >>> [apiv2][query] GET https://firebasehosting.googleapis.com/v1beta1/projects/hala-fec0c/sites/hala-fec0c [none]
[debug] [2025-01-28T09:50:17.449Z] <<< [apiv2][status] GET https://firebasehosting.googleapis.com/v1beta1/projects/hala-fec0c/sites/hala-fec0c 200
[debug] [2025-01-28T09:50:17.449Z] <<< [apiv2][body] GET https://firebasehosting.googleapis.com/v1beta1/projects/hala-fec0c/sites/hala-fec0c {"name":"projects/hala-fec0c/sites/hala-fec0c","defaultUrl":"https://hala-fec0c.web.app","type":"DEFAULT_SITE"}
[info]    ▲ Next.js 15.1.5

[info]    - Environments: .env


[info]    Creating an optimized production build ...

[info]  ✓ Compiled successfully

[info]    Linting and checking validity of types ...

[info] Failed to compile.


[info] ./src/stories/StandingsRow.stories.tsx:20:3
Type error: Type '{ played: number; points: number; won: number; drawn: number; lost: number; position: number; goals_for?: number; goals_against?: number; goal_difference?: string; team: StandingsTeamType; previous_position?: number; difference_position?: number; qualify?: QualifyType; listCount: number; }' is not assignable to type 'Partial<{ played: number; points: number; won: number; drawn: number; lost: number; position: number; goals_for?: number | undefined; goals_against?: number | undefined; goal_difference?: string | undefined; ... 4 more ...; color: string; }> & { ...; }'.
  Property 'color' is missing in type '{ played: number; points: number; won: number; drawn: number; lost: number; position: number; goals_for?: number; goals_against?: number; goal_difference?: string; team: StandingsTeamType; previous_position?: number; difference_position?: number; qualify?: QualifyType; listCount: number; }' but required in type '{ played: number; points: number; won: number; drawn: number; lost: number; position: number; goals_for?: number | undefined; goals_against?: number | undefined; goal_difference?: string | undefined; ... 4 more ...; color: string; }'.

  18 | const argsRel = { listCount: 20, ...standingsTestData[19] };
  19 | export const StandingRow: Story = {
> 20 |   args: args,
     |   ^
  21 | };
  22 |
  23 | export const StandingRowUcl: Story = {

[info] Static worker exited with code: 1 and signal: null

[debug] [2025-01-28T09:50:21.787Z] Error: ENOENT: no such file or directory, open '/Users/danniolsen/development/halahala/.next/export-marker.json'
[error] 
[error] Error: An unexpected error has occurred.
